<?xml version="1.0" encoding="UTF-8"?>
<!-- Generated by org.testng.reporters.JUnitXMLReporter -->
<testsuite ignored="0" hostname="DESKTOP-DSSFANV" failures="0" tests="2" name="Default test" time="6.449" errors="0" timestamp="2024-08-12T21:03:02 ICT">
  <testcase classname="automation.testsuite.Day12_Homework" name="case1_Dropdownlist" time="0.439"/>
  <testcase classname="automation.testsuite.Day12_Homework" name="case2_CheckRadioSuccessfully" time="0.409"/>
</testsuite> <!-- Default test -->
