<?xml version="1.0" encoding="UTF-8"?>
<!-- Generated by org.testng.reporters.JUnitXMLReporter -->
<testsuite ignored="0" hostname="DESKTOP-DSSFANV" failures="0" tests="2" name="Default test" time="6.534" errors="0" timestamp="2024-08-12T20:56:52 ICT">
  <testcase classname="automation.testsuite.Day12_Homework" name="case1_Dropdownlist" time="0.456"/>
  <testcase classname="automation.testsuite.Day12_Homework" name="case2_CheckRadioSuccessfully" time="0.326"/>
</testsuite> <!-- Default test -->
