<?xml version="1.0" encoding="UTF-8"?>
<testng-results ignored="0" total="1" passed="1" failed="0" skipped="0">
  <reporter-output>
  </reporter-output>
  <suite started-at="2024-07-23T21:51:44 ICT" name="Default suite" finished-at="2024-07-23T21:51:44 ICT" duration-ms="70">
    <groups>
    </groups>
    <test started-at="2024-07-23T21:51:44 ICT" name="Default test" finished-at="2024-07-23T21:51:44 ICT" duration-ms="70">
      <class name="automation.testsuite.Day7_Test">
        <test-method is-config="true" signature="openBrowser()[pri:0, instance:automation.testsuite.Day7_Test@384ad17b]" started-at="2024-07-23T21:51:44 ICT" name="openBrowser" finished-at="2024-07-23T21:51:44 ICT" duration-ms="10" status="PASS">
          <reporter-output>
          </reporter-output>
        </test-method> <!-- openBrowser -->
        <test-method signature="Testcase_1()[pri:0, instance:automation.testsuite.Day7_Test@384ad17b]" started-at="2024-07-23T21:51:44 ICT" name="Testcase_1" finished-at="2024-07-23T21:51:44 ICT" duration-ms="11" status="PASS">
          <reporter-output>
          </reporter-output>
        </test-method> <!-- Testcase_1 -->
        <test-method is-config="true" signature="closeBrowser()[pri:0, instance:automation.testsuite.Day7_Test@384ad17b]" started-at="2024-07-23T21:51:44 ICT" name="closeBrowser" finished-at="2024-07-23T21:51:44 ICT" duration-ms="0" status="PASS">
          <reporter-output>
          </reporter-output>
        </test-method> <!-- closeBrowser -->
      </class> <!-- automation.testsuite.Day7_Test -->
    </test> <!-- Default test -->
  </suite> <!-- Default suite -->
</testng-results>
