<?xml version="1.0" encoding="UTF-8"?>
<testng-results ignored="0" total="1" passed="1" failed="0" skipped="0">
  <reporter-output>
  </reporter-output>
  <suite started-at="2024-07-29T19:20:23 ICT" name="Default suite" finished-at="2024-07-29T19:20:26 ICT" duration-ms="3506">
    <groups>
    </groups>
    <test started-at="2024-07-29T19:20:23 ICT" name="Default test" finished-at="2024-07-29T19:20:26 ICT" duration-ms="3506">
      <class name="automation.testsuite.Day8_Homework2">
        <test-method is-config="true" signature="openBrowser()[pri:0, instance:automation.testsuite.Day8_Homework2@441772e]" started-at="2024-07-29T19:20:23 ICT" name="openBrowser" finished-at="2024-07-29T19:20:26 ICT" duration-ms="3375" status="PASS">
          <reporter-output>
          </reporter-output>
        </test-method> <!-- openBrowser -->
        <test-method signature="getElementById()[pri:0, instance:automation.testsuite.Day8_Homework2@441772e]" started-at="2024-07-29T19:20:26 ICT" name="getElementById" finished-at="2024-07-29T19:20:26 ICT" duration-ms="105" status="PASS">
          <reporter-output>
          </reporter-output>
        </test-method> <!-- getElementById -->
      </class> <!-- automation.testsuite.Day8_Homework2 -->
    </test> <!-- Default test -->
  </suite> <!-- Default suite -->
</testng-results>
