<?xml version="1.0" encoding="UTF-8"?>
<!-- Generated by org.testng.reporters.JUnitXMLReporter -->
<testsuite ignored="0" hostname="DESKTOP-DSSFANV" failures="0" tests="2" name="Regression test test suite on firefox " time="29.837" errors="0" timestamp="2024-09-16T16:21:41 ICT">
  <testcase classname="automation.testsuite.Day18_BTVN_Bai1" name="handleWindowZalo" time="3.865"/>
  <testcase classname="automation.testsuite.Day18_BTVN_Bai2" name="handleWindowMessenger" time="3.547"/>
</testsuite> <!-- Regression test test suite on firefox  -->
